<?xml version="1.0" encoding="UTF-8"?>
<!-- Generated by org.testng.reporters.JUnitXMLReporter -->
<testsuite hostname="DESKTOP-P4SHP1M" ignored="0" name="Test" tests="4" failures="0" timestamp="2020-04-27T01:42:04 EDT" time="0.065" errors="0">
  <testcase name="IOSApps" time="0.012" classname="qaclickacademy.AppiumTest"/>
  <testcase name="NativeApAndroid" time="0.0" classname="qaclickacademy.AppiumTest"/>
  <testcase name="BrowserAutomation" time="0.001" classname="qaclickacademy.SeleniumTest"/>
  <testcase name="ElementsUI" time="0.001" classname="qaclickacademy.SeleniumTest"/>
</testsuite> <!-- Test -->
