<?xml version="1.0" encoding="UTF-8"?>
<testng-results skipped="0" failed="0" ignored="0" total="4" passed="4">
  <reporter-output>
  </reporter-output>
  <suite name="Suite" duration-ms="65" started-at="2020-04-27T01:42:04 EDT" finished-at="2020-04-27T01:42:04 EDT">
    <groups>
    </groups>
    <test name="Test" duration-ms="65" started-at="2020-04-27T01:42:04 EDT" finished-at="2020-04-27T01:42:04 EDT">
      <class name="qaclickacademy.AppiumTest">
        <test-method status="PASS" signature="IOSApps()[pri:0, instance:qaclickacademy.AppiumTest@3224f60b]" name="IOSApps" duration-ms="12" started-at="2020-04-27T01:42:04 EDT" finished-at="2020-04-27T01:42:04 EDT">
          <reporter-output>
          </reporter-output>
        </test-method> <!-- IOSApps -->
        <test-method status="PASS" signature="NativeApAndroid()[pri:0, instance:qaclickacademy.AppiumTest@3224f60b]" name="NativeApAndroid" duration-ms="0" started-at="2020-04-27T01:42:04 EDT" finished-at="2020-04-27T01:42:04 EDT">
          <reporter-output>
          </reporter-output>
        </test-method> <!-- NativeApAndroid -->
      </class> <!-- qaclickacademy.AppiumTest -->
      <class name="qaclickacademy.SeleniumTest">
        <test-method status="PASS" signature="BrowserAutomation()[pri:0, instance:qaclickacademy.SeleniumTest@63e2203c]" name="BrowserAutomation" duration-ms="1" started-at="2020-04-27T01:42:04 EDT" finished-at="2020-04-27T01:42:04 EDT">
          <reporter-output>
          </reporter-output>
        </test-method> <!-- BrowserAutomation -->
        <test-method status="PASS" signature="ElementsUI()[pri:0, instance:qaclickacademy.SeleniumTest@63e2203c]" name="ElementsUI" duration-ms="1" started-at="2020-04-27T01:42:04 EDT" finished-at="2020-04-27T01:42:04 EDT">
          <reporter-output>
          </reporter-output>
        </test-method> <!-- ElementsUI -->
      </class> <!-- qaclickacademy.SeleniumTest -->
    </test> <!-- Test -->
  </suite> <!-- Suite -->
</testng-results>
